Unity Editor version:    6000.0.21f1 (e2bacb8dee3a)
Branch:                  trunk
Build type:              Release
Batch mode:              YES
macOS version:           Version 13.2.1 (Build 22D68)
Darwin version:          22.3.0
Architecture:            x86_64
Running under Rosetta:   NO
Available memory:        8192 MB
Using pre-set license
Pro License: YES

COMMAND LINE ARGUMENTS:
/Applications/Unity/Hub/Editor/6000.0.21f1/Unity.app/Contents/MacOS/Unity
-adb2
-batchMode
-noUpm
-name
AssetImportWorker1
-projectPath
/Users/jessiecoleman/Documents/GitHub/Jessie-Coleman-Website/Jessie Coleman Website
-logFile
Logs/AssetImportWorker1.log
-srvPort
59971
-job-worker-count
3
-background-job-worker-count
8
-asset-garbage-collectors
1
Successfully changed project path to: /Users/jessiecoleman/Documents/GitHub/Jessie-Coleman-Website/Jessie Coleman Website
/Users/jessiecoleman/Documents/GitHub/Jessie-Coleman-Website/Jessie Coleman Website
[UnityMemory] Configuration Parameters - Can be set up in boot.config
    "memorysetup-bucket-allocator-granularity=16"
    "memorysetup-bucket-allocator-bucket-count=8"
    "memorysetup-bucket-allocator-block-size=33554432"
    "memorysetup-bucket-allocator-block-count=8"
    "memorysetup-main-allocator-block-size=16777216"
    "memorysetup-thread-allocator-block-size=16777216"
    "memorysetup-gfx-main-allocator-block-size=16777216"
    "memorysetup-gfx-thread-allocator-block-size=16777216"
    "memorysetup-cache-allocator-block-size=4194304"
    "memorysetup-typetree-allocator-block-size=2097152"
    "memorysetup-profiler-bucket-allocator-granularity=16"
    "memorysetup-profiler-bucket-allocator-bucket-count=8"
    "memorysetup-profiler-bucket-allocator-block-size=33554432"
    "memorysetup-profiler-bucket-allocator-block-count=8"
    "memorysetup-profiler-allocator-block-size=16777216"
    "memorysetup-profiler-editor-allocator-block-size=1048576"
    "memorysetup-temp-allocator-size-main=16777216"
    "memorysetup-job-temp-allocator-block-size=2097152"
    "memorysetup-job-temp-allocator-block-size-background=1048576"
    "memorysetup-job-temp-allocator-reduction-small-platforms=262144"
    "memorysetup-allocator-temp-initial-block-size-main=262144"
    "memorysetup-allocator-temp-initial-block-size-worker=262144"
    "memorysetup-temp-allocator-size-background-worker=32768"
    "memorysetup-temp-allocator-size-job-worker=262144"
    "memorysetup-temp-allocator-size-preload-manager=33554432"
    "memorysetup-temp-allocator-size-nav-mesh-worker=65536"
    "memorysetup-temp-allocator-size-audio-worker=65536"
    "memorysetup-temp-allocator-size-cloud-worker=32768"
    "memorysetup-temp-allocator-size-gi-baking-worker=262144"
    "memorysetup-temp-allocator-size-gi-baking-worker=262144"
    "memorysetup-temp-allocator-size-gi-baking-worker=262144"
    "memorysetup-temp-allocator-size-gi-baking-worker=262144"
    "memorysetup-temp-allocator-size-gi-baking-worker=262144"
    "memorysetup-temp-allocator-size-gfx=262144"
Player connection [140704605210240]  Target information:

Player connection [140704605210240]  * "[IP] 192.0.0.2 [Port] 0 [Flags] 2 [Guid] 1680995338 [EditorId] 1680995338 [Version] 1048832 [Id] OSXEditor(0,Jessies-MacBook-Air-2.local) [Debug] 1 [PackageName] OSXEditor [ProjectName] Editor" 

Player connection [140704605210240] Host joined multi-casting on [225.0.0.222:54997]...
Player connection [140704605210240] Host joined alternative multi-casting on [225.0.0.222:34997]...
JobSystem: Creating JobQueue using job-worker-count value 3
[Physics::Module] Initialized fallback backend.
[Physics::Module] Id: 0xdecafbad
Library Redirect Path: Library/
[Physics::Module] Selected backend.
[Physics::Module] Name: PhysX
[Physics::Module] Id: 0xf2b8ea05
[Physics::Module] SDK Version: 4.1.2
[Physics::Module] Integration Version: 1.0.0
[Physics::Module] Threading Mode: Multi-Threaded
Refreshing native plugins compatible for Editor in 10.63 ms, found 2 plugins.
Preloading 0 native plugins for Editor in 0.00 ms.
Initialize engine version: 6000.0.21f1 (e2bacb8dee3a)
[Subsystems] Discovering subsystems at path /Applications/Unity/Hub/Editor/6000.0.21f1/Unity.app/Contents/Resources/UnitySubsystems
[Subsystems] Discovering subsystems at path /Users/jessiecoleman/Documents/GitHub/Jessie-Coleman-Website/Jessie Coleman Website/Assets
GfxDevice: creating device client; kGfxThreadingModeNonThreaded
Color LCD preferred device: Intel(R) Iris(TM) Plus Graphics (low power)
Metal devices available: 1
0: Intel(R) Iris(TM) Plus Graphics (low power)
Using device Intel(R) Iris(TM) Plus Graphics (low power)
Initializing Metal device caps: Intel(R) Iris(TM) Plus Graphics
Initialize mono
Mono path[0] = '/Applications/Unity/Hub/Editor/6000.0.21f1/Unity.app/Contents/Managed'
Mono path[1] = '/Applications/Unity/Hub/Editor/6000.0.21f1/Unity.app/Contents/MonoBleedingEdge/lib/mono/unityjit-macos'
Mono config path = '/Applications/Unity/Hub/Editor/6000.0.21f1/Unity.app/Contents/MonoBleedingEdge/etc'
Using monoOptions --debugger-agent=transport=dt_socket,embedding=1,server=y,suspend=n,address=127.0.0.1:56375
Begin MonoManager ReloadAssembly
Registering precompiled unity dll's ...
Register platform support module: /Applications/Unity/Hub/Editor/6000.0.21f1/PlaybackEngines/WebGLSupport/UnityEditor.WebGL.Extensions.dll
Register platform support module: /Applications/Unity/Hub/Editor/6000.0.21f1/Unity.app/Contents/PlaybackEngines/MacStandaloneSupport/UnityEditor.OSXStandalone.Extensions.dll
Register platform support module: /Applications/Unity/Hub/Editor/6000.0.21f1/PlaybackEngines/AndroidPlayer/UnityEditor.Android.Extensions.dll
Registered in 0.024514 seconds.
- Loaded All Assemblies, in  2.074 seconds
Native extension for Android target not found
Android Extension - Scanning For ADB Devices 370 ms
Native extension for OSXStandalone target not found
Native extension for WebGL target not found
Mono: successfully reloaded assembly
- Finished resetting the current domain, in  3.321 seconds
Domain Reload Profiling: 5394ms
	BeginReloadAssembly (593ms)
		ExecutionOrderSort (0ms)
		DisableScriptedObjects (0ms)
		BackupInstance (0ms)
		ReleaseScriptingObjects (0ms)
		CreateAndSetChildDomain (3ms)
	RebuildCommonClasses (207ms)
	RebuildNativeTypeToScriptingClass (68ms)
	initialDomainReloadingComplete (278ms)
	LoadAllAssembliesAndSetupDomain (925ms)
		LoadAssemblies (597ms)
		RebuildTransferFunctionScriptingTraits (0ms)
		AnalyzeDomain (903ms)
			TypeCache.Refresh (891ms)
				TypeCache.ScanAssembly (824ms)
			BuildScriptInfoCaches (0ms)
			ResolveRequiredComponents (4ms)
	FinalizeReload (3322ms)
		ReleaseScriptCaches (0ms)
		RebuildScriptCaches (0ms)
		SetupLoadedEditorAssemblies (3093ms)
			LogAssemblyErrors (0ms)
			InitializePlatformSupportModulesInManaged (972ms)
			SetLoadedEditorAssemblies (19ms)
			BeforeProcessingInitializeOnLoad (40ms)
			ProcessInitializeOnLoadAttributes (1415ms)
			ProcessInitializeOnLoadMethodAttributes (635ms)
			AfterProcessingInitializeOnLoad (11ms)
			EditorAssembliesLoaded (1ms)
		ExecutionOrderSort2 (0ms)
		AwakeInstancesAfterBackupRestoration (0ms)
========================================================================
Worker process is ready to serve import requests
Import Worker Mode flag is 0x00
Begin MonoManager ReloadAssembly
- Loaded All Assemblies, in  9.959 seconds
Refreshing native plugins compatible for Editor in 3.33 ms, found 2 plugins.
Native extension for Android target not found
Native extension for OSXStandalone target not found
Native extension for WebGL target not found
Mono: successfully reloaded assembly
- Finished resetting the current domain, in  6.054 seconds
Domain Reload Profiling: 16014ms
	BeginReloadAssembly (5905ms)
		ExecutionOrderSort (0ms)
		DisableScriptedObjects (37ms)
		BackupInstance (0ms)
		ReleaseScriptingObjects (0ms)
		CreateAndSetChildDomain (234ms)
	RebuildCommonClasses (230ms)
	RebuildNativeTypeToScriptingClass (75ms)
	initialDomainReloadingComplete (230ms)
	LoadAllAssembliesAndSetupDomain (3519ms)
		LoadAssemblies (2180ms)
		RebuildTransferFunctionScriptingTraits (0ms)
		AnalyzeDomain (1891ms)
			TypeCache.Refresh (1326ms)
				TypeCache.ScanAssembly (1134ms)
			BuildScriptInfoCaches (452ms)
			ResolveRequiredComponents (89ms)
	FinalizeReload (6057ms)
		ReleaseScriptCaches (0ms)
		RebuildScriptCaches (0ms)
		SetupLoadedEditorAssemblies (4333ms)
			LogAssemblyErrors (0ms)
			InitializePlatformSupportModulesInManaged (65ms)
			SetLoadedEditorAssemblies (24ms)
			BeforeProcessingInitializeOnLoad (428ms)
			ProcessInitializeOnLoadAttributes (3228ms)
			ProcessInitializeOnLoadMethodAttributes (569ms)
			AfterProcessingInitializeOnLoad (18ms)
			EditorAssembliesLoaded (1ms)
		ExecutionOrderSort2 (0ms)
		AwakeInstancesAfterBackupRestoration (19ms)
Launching external process: /Applications/Unity/Hub/Editor/6000.0.21f1/Unity.app/Contents/Tools/UnityShaderCompiler
Launched and connected shader compiler UnityShaderCompiler after 0.32 seconds
Refreshing native plugins compatible for Editor in 7.37 ms, found 2 plugins.
Preloading 0 native plugins for Editor in 0.00 ms.
Unloading 198 Unused Serialized files (Serialized files now loaded: 0)
Unloading 6034 unused Assets / (6.6 MB). Loaded Objects now: 6783.
Memory consumption went from 166.7 MB to 160.1 MB.
Total: 41.536353 ms (FindLiveObjects: 2.571862 ms CreateObjectMapping: 1.330987 ms MarkObjects: 27.784188 ms  DeleteObjects: 9.842952 ms)

========================================================================
Received Import Request.
  Time since last request: 566119.899334 seconds.
  path: Assets/untitled.fbx
  artifactKey: Guid(ac8f8afbd76c942a986caefc56740646) Importer(815301076,1909f56bfc062723c751e8b465ee728b)
Start importing Assets/untitled.fbx using Guid(ac8f8afbd76c942a986caefc56740646) Importer(815301076,1909f56bfc062723c751e8b465ee728b) (PreviewImporter) -> (artifact id: '9de01cbda3642637ea109cb6e5225748') in 20.082318908 seconds
Number of updated asset objects reloaded before import = 0Number of asset objects unloaded after import = 24

========================================================================
Received Import Request.
  Time since last request: 0.000260 seconds.
  path: Assets/Sprites/Spud.png
  artifactKey: Guid(d7bf00cf924574bababcd4d5e49a1566) Importer(815301076,1909f56bfc062723c751e8b465ee728b)
Start importing Assets/Sprites/Spud.png using Guid(d7bf00cf924574bababcd4d5e49a1566) Importer(815301076,1909f56bfc062723c751e8b465ee728b) (PreviewImporter) -> (artifact id: '0cb09a8b6089ac9c53c7a8dfb25f163d') in 0.429002866 seconds
Number of updated asset objects reloaded before import = 0Number of asset objects unloaded after import = 34

========================================================================
Received Import Request.
  Time since last request: 0.000190 seconds.
  path: Assets/Sprites/Vea.png
  artifactKey: Guid(429bef27c324040e4892e3ff59bede89) Importer(815301076,1909f56bfc062723c751e8b465ee728b)
Start importing Assets/Sprites/Vea.png using Guid(429bef27c324040e4892e3ff59bede89) Importer(815301076,1909f56bfc062723c751e8b465ee728b) (PreviewImporter) -> (artifact id: 'd913715b83f6acf71c699400dc035074') in 0.304564176 seconds
Number of updated asset objects reloaded before import = 0Number of asset objects unloaded after import = 34

========================================================================
Received Import Request.
  Time since last request: 0.000274 seconds.
  path: Assets/Maps
  artifactKey: Guid(db1c27cd952fc4ac69193b35e8b531b2) Importer(815301076,1909f56bfc062723c751e8b465ee728b)
Start importing Assets/Maps using Guid(db1c27cd952fc4ac69193b35e8b531b2) Importer(815301076,1909f56bfc062723c751e8b465ee728b) (PreviewImporter) -> (artifact id: '4ff08610cd860626dd75cd7157b490cb') in 0.00151471 seconds
Number of updated asset objects reloaded before import = 0Number of asset objects unloaded after import = 0

========================================================================
Received Import Request.
  Time since last request: 0.000277 seconds.
  path: Assets/Sprites
  artifactKey: Guid(fd8b380d7083540bc8d5a3254844e43a) Importer(815301076,1909f56bfc062723c751e8b465ee728b)
Start importing Assets/Sprites using Guid(fd8b380d7083540bc8d5a3254844e43a) Importer(815301076,1909f56bfc062723c751e8b465ee728b) (PreviewImporter) -> (artifact id: '047943b4e5b7efcdb0493e668d86375a') in 0.00247511 seconds
Number of updated asset objects reloaded before import = 0Number of asset objects unloaded after import = 0

========================================================================
Received Import Request.
  Time since last request: 0.000228 seconds.
  path: Assets/untitled.fbx
  artifactKey: Guid(ac8f8afbd76c942a986caefc56740646) Importer(815301076,1909f56bfc062723c751e8b465ee728b)
Start importing Assets/untitled.fbx using Guid(ac8f8afbd76c942a986caefc56740646) Importer(815301076,1909f56bfc062723c751e8b465ee728b) (PreviewImporter) -> (artifact id: '9de01cbda3642637ea109cb6e5225748') in 0.160742939 seconds
Number of updated asset objects reloaded before import = 0Number of asset objects unloaded after import = 23

========================================================================
Received Import Request.
  Time since last request: 0.000194 seconds.
  path: Assets/Maps/GrassBackground.png
  artifactKey: Guid(369104a9d97d44c99ac99da8b5575544) Importer(815301076,1909f56bfc062723c751e8b465ee728b)
Start importing Assets/Maps/GrassBackground.png using Guid(369104a9d97d44c99ac99da8b5575544) Importer(815301076,1909f56bfc062723c751e8b465ee728b) (PreviewImporter) -> (artifact id: 'e1472a2f53eee2d4754984cd250daa89') in 0.126776845 seconds
Number of updated asset objects reloaded before import = 0Number of asset objects unloaded after import = 17

========================================================================
Received Import Request.
  Time since last request: 0.000263 seconds.
  path: Assets/Maps/Shadow.png
  artifactKey: Guid(a3de8b1e37a7f4461b3a33095ee47507) Importer(815301076,1909f56bfc062723c751e8b465ee728b)
Start importing Assets/Maps/Shadow.png using Guid(a3de8b1e37a7f4461b3a33095ee47507) Importer(815301076,1909f56bfc062723c751e8b465ee728b) (PreviewImporter) -> (artifact id: '77424171632444ac551e51d5e3a75610') in 0.025150932 seconds
Number of updated asset objects reloaded before import = 0Number of asset objects unloaded after import = 3

========================================================================
Received Import Request.
  Time since last request: 0.000393 seconds.
  path: Assets/Sprites/Shadow.png
  artifactKey: Guid(92605f8abfea64018aeaffdf2fe5c5bb) Importer(815301076,1909f56bfc062723c751e8b465ee728b)
Start importing Assets/Sprites/Shadow.png using Guid(92605f8abfea64018aeaffdf2fe5c5bb) Importer(815301076,1909f56bfc062723c751e8b465ee728b) (PreviewImporter) -> (artifact id: 'c1906ccca87fa8783bca8cf2dc9a7e6c') in 0.021467116 seconds
Number of updated asset objects reloaded before import = 0Number of asset objects unloaded after import = 3

========================================================================
Received Import Request.
  Time since last request: 0.000206 seconds.
  path: Assets/InputSystem_Actions.inputactions
  artifactKey: Guid(052faaac586de48259a63d0c4782560b) Importer(815301076,1909f56bfc062723c751e8b465ee728b)
Start importing Assets/InputSystem_Actions.inputactions using Guid(052faaac586de48259a63d0c4782560b) Importer(815301076,1909f56bfc062723c751e8b465ee728b) (PreviewImporter) -> (artifact id: '15be5ba4d5b2b3ffcc56475d7901d8b3') in 0.037276912 seconds
Number of updated asset objects reloaded before import = 0Number of asset objects unloaded after import = 20

========================================================================
Received Import Request.
  Time since last request: 0.000238 seconds.
  path: Assets/Readme.asset
  artifactKey: Guid(8105016687592461f977c054a80ce2f2) Importer(815301076,1909f56bfc062723c751e8b465ee728b)
Start importing Assets/Readme.asset using Guid(8105016687592461f977c054a80ce2f2) Importer(815301076,1909f56bfc062723c751e8b465ee728b) (PreviewImporter) -> (artifact id: '50ea5ad2cda8720781b90d71f311d8d1') in 0.010703976 seconds
Number of updated asset objects reloaded before import = 0Number of asset objects unloaded after import = 2

========================================================================
Received Import Request.
  Time since last request: 0.000203 seconds.
  path: Assets/Maps/untitled.fbx
  artifactKey: Guid(fc61e5a25beea40ae9d6c5d092fcf2af) Importer(815301076,1909f56bfc062723c751e8b465ee728b)
Start importing Assets/Maps/untitled.fbx using Guid(fc61e5a25beea40ae9d6c5d092fcf2af) Importer(815301076,1909f56bfc062723c751e8b465ee728b) (PreviewImporter) -> (artifact id: 'a1f6e104006dd295ac5da31624209ff2') in 0.154295781 seconds
Number of updated asset objects reloaded before import = 0Number of asset objects unloaded after import = 23

========================================================================
Received Prepare
Begin MonoManager ReloadAssembly
- Loaded All Assemblies, in  4.308 seconds
Refreshing native plugins compatible for Editor in 5.50 ms, found 2 plugins.
Native extension for Android target not found
Native extension for OSXStandalone target not found
Native extension for WebGL target not found
Mono: successfully reloaded assembly
- Finished resetting the current domain, in  6.198 seconds
Domain Reload Profiling: 10519ms
	BeginReloadAssembly (1353ms)
		ExecutionOrderSort (1ms)
		DisableScriptedObjects (218ms)
		BackupInstance (0ms)
		ReleaseScriptingObjects (3ms)
		CreateAndSetChildDomain (554ms)
	RebuildCommonClasses (152ms)
	RebuildNativeTypeToScriptingClass (42ms)
	initialDomainReloadingComplete (133ms)
	LoadAllAssembliesAndSetupDomain (2638ms)
		LoadAssemblies (2075ms)
		RebuildTransferFunctionScriptingTraits (0ms)
		AnalyzeDomain (911ms)
			TypeCache.Refresh (36ms)
				TypeCache.ScanAssembly (0ms)
			BuildScriptInfoCaches (802ms)
			ResolveRequiredComponents (44ms)
	FinalizeReload (6201ms)
		ReleaseScriptCaches (0ms)
		RebuildScriptCaches (0ms)
		SetupLoadedEditorAssemblies (4312ms)
			LogAssemblyErrors (0ms)
			InitializePlatformSupportModulesInManaged (64ms)
			SetLoadedEditorAssemblies (31ms)
			BeforeProcessingInitializeOnLoad (705ms)
			ProcessInitializeOnLoadAttributes (3061ms)
			ProcessInitializeOnLoadMethodAttributes (423ms)
			AfterProcessingInitializeOnLoad (27ms)
			EditorAssembliesLoaded (1ms)
		ExecutionOrderSort2 (0ms)
		AwakeInstancesAfterBackupRestoration (68ms)
Refreshing native plugins compatible for Editor in 1.72 ms, found 2 plugins.
Preloading 0 native plugins for Editor in 0.00 ms.
Unloading 42 Unused Serialized files (Serialized files now loaded: 0)
Unloading 6030 unused Assets / (6.2 MB). Loaded Objects now: 6876.
Memory consumption went from 172.9 MB to 166.7 MB.
Total: 40.063738 ms (FindLiveObjects: 2.352407 ms CreateObjectMapping: 1.778371 ms MarkObjects: 26.387312 ms  DeleteObjects: 9.516485 ms)

Prepare: number of updated asset objects reloaded= 0
========================================================================
Received Prepare
Begin MonoManager ReloadAssembly
- Loaded All Assemblies, in  4.789 seconds
Refreshing native plugins compatible for Editor in 7.61 ms, found 2 plugins.
Native extension for Android target not found
Native extension for OSXStandalone target not found
Native extension for WebGL target not found
Mono: successfully reloaded assembly
- Finished resetting the current domain, in  3.737 seconds
Domain Reload Profiling: 8545ms
	BeginReloadAssembly (1647ms)
		ExecutionOrderSort (1ms)
		DisableScriptedObjects (84ms)
		BackupInstance (0ms)
		ReleaseScriptingObjects (2ms)
		CreateAndSetChildDomain (637ms)
	RebuildCommonClasses (204ms)
	RebuildNativeTypeToScriptingClass (58ms)
	initialDomainReloadingComplete (129ms)
	LoadAllAssembliesAndSetupDomain (2770ms)
		LoadAssemblies (2201ms)
		RebuildTransferFunctionScriptingTraits (0ms)
		AnalyzeDomain (1167ms)
			TypeCache.Refresh (95ms)
				TypeCache.ScanAssembly (13ms)
			BuildScriptInfoCaches (993ms)
			ResolveRequiredComponents (42ms)
	FinalizeReload (3738ms)
		ReleaseScriptCaches (0ms)
		RebuildScriptCaches (0ms)
		SetupLoadedEditorAssemblies (2583ms)
			LogAssemblyErrors (0ms)
			InitializePlatformSupportModulesInManaged (37ms)
			SetLoadedEditorAssemblies (49ms)
			BeforeProcessingInitializeOnLoad (319ms)
			ProcessInitializeOnLoadAttributes (1939ms)
			ProcessInitializeOnLoadMethodAttributes (225ms)
			AfterProcessingInitializeOnLoad (12ms)
			EditorAssembliesLoaded (1ms)
		ExecutionOrderSort2 (0ms)
		AwakeInstancesAfterBackupRestoration (27ms)
Refreshing native plugins compatible for Editor in 1.24 ms, found 2 plugins.
Preloading 0 native plugins for Editor in 0.00 ms.
Unloading 31 Unused Serialized files (Serialized files now loaded: 0)
Unloading 6068 unused Assets / (6.6 MB). Loaded Objects now: 6917.
Memory consumption went from 165.6 MB to 159.0 MB.
Total: 21.012585 ms (FindLiveObjects: 1.433937 ms CreateObjectMapping: 1.528722 ms MarkObjects: 12.275745 ms  DeleteObjects: 5.771421 ms)

Prepare: number of updated asset objects reloaded= 0
========================================================================
Received Import Request.
  Time since last request: 580.300759 seconds.
  path: Packages/com.unity.2d.sprite/Editor/ObjectMenuCreation/DefaultAssets/Textures/SquareWithBorder.png
  artifactKey: Guid(db750325989564987a34393247d883b4) Importer(815301076,1909f56bfc062723c751e8b465ee728b)
Start importing Packages/com.unity.2d.sprite/Editor/ObjectMenuCreation/DefaultAssets/Textures/SquareWithBorder.png using Guid(db750325989564987a34393247d883b4) Importer(815301076,1909f56bfc062723c751e8b465ee728b) (PreviewImporter) -> (artifact id: '2c688a25d652af19df99d8d458680ccb') in 0.407647594 seconds
Number of updated asset objects reloaded before import = 0Number of asset objects unloaded after import = 3

========================================================================
Received Import Request.
  Time since last request: 0.001363 seconds.
  path: Packages/com.unity.2d.sprite/Editor/ObjectMenuCreation/DefaultAssets/Textures/v2/Square.png
  artifactKey: Guid(311925a002f4447b3a28927169b83ea6) Importer(815301076,1909f56bfc062723c751e8b465ee728b)
Start importing Packages/com.unity.2d.sprite/Editor/ObjectMenuCreation/DefaultAssets/Textures/v2/Square.png using Guid(311925a002f4447b3a28927169b83ea6) Importer(815301076,1909f56bfc062723c751e8b465ee728b) (PreviewImporter) -> (artifact id: '79c0920d8570e554b6c76f2c89a8df45') in 0.101191196 seconds
Number of updated asset objects reloaded before import = 0Number of asset objects unloaded after import = 3

========================================================================
Received Import Request.
  Time since last request: 0.000208 seconds.
  path: Packages/com.unity.render-pipelines.core/Runtime/Debugging/Prefabs/Textures/UIElement8px.png
  artifactKey: Guid(d49e78756811bfa4aafb8b6535417991) Importer(815301076,1909f56bfc062723c751e8b465ee728b)
Start importing Packages/com.unity.render-pipelines.core/Runtime/Debugging/Prefabs/Textures/UIElement8px.png using Guid(d49e78756811bfa4aafb8b6535417991) Importer(815301076,1909f56bfc062723c751e8b465ee728b) (PreviewImporter) -> (artifact id: 'fddf8474f7c1edf6631b124cc5b0c748') in 0.059808319 seconds
Number of updated asset objects reloaded before import = 0Number of asset objects unloaded after import = 3

========================================================================
Received Import Request.
  Time since last request: 0.000216 seconds.
  path: Packages/com.unity.render-pipelines.core/Editor/LookDev/Icons/SunPosition@2x.png
  artifactKey: Guid(2f75c34a5bc525545916fb8367422dd0) Importer(815301076,1909f56bfc062723c751e8b465ee728b)
Start importing Packages/com.unity.render-pipelines.core/Editor/LookDev/Icons/SunPosition@2x.png using Guid(2f75c34a5bc525545916fb8367422dd0) Importer(815301076,1909f56bfc062723c751e8b465ee728b) (PreviewImporter) -> (artifact id: '523f165f4dea64923a4e4bc784540c32') in 0.039209301 seconds
Number of updated asset objects reloaded before import = 0Number of asset objects unloaded after import = 3

========================================================================
Received Import Request.
  Time since last request: 0.000217 seconds.
  path: Packages/com.unity.render-pipelines.core/Runtime/Debugging/Prefabs/Textures/UIArrowDown.png
  artifactKey: Guid(f224bfd122877a34aa49c63693fc317b) Importer(815301076,1909f56bfc062723c751e8b465ee728b)
Start importing Packages/com.unity.render-pipelines.core/Runtime/Debugging/Prefabs/Textures/UIArrowDown.png using Guid(f224bfd122877a34aa49c63693fc317b) Importer(815301076,1909f56bfc062723c751e8b465ee728b) (PreviewImporter) -> (artifact id: 'c0d5cb1952c16955b910120f0b63c70b') in 0.027884137 seconds
Number of updated asset objects reloaded before import = 0Number of asset objects unloaded after import = 3

========================================================================
Received Prepare
Begin MonoManager ReloadAssembly
- Loaded All Assemblies, in  1.949 seconds
Refreshing native plugins compatible for Editor in 1.14 ms, found 2 plugins.
Native extension for Android target not found
Native extension for OSXStandalone target not found
Native extension for WebGL target not found
Mono: successfully reloaded assembly
- Finished resetting the current domain, in  4.010 seconds
Domain Reload Profiling: 5964ms
	BeginReloadAssembly (491ms)
		ExecutionOrderSort (0ms)
		DisableScriptedObjects (23ms)
		BackupInstance (0ms)
		ReleaseScriptingObjects (0ms)
		CreateAndSetChildDomain (204ms)
	RebuildCommonClasses (119ms)
	RebuildNativeTypeToScriptingClass (38ms)
	initialDomainReloadingComplete (63ms)
	LoadAllAssembliesAndSetupDomain (1240ms)
		LoadAssemblies (808ms)
		RebuildTransferFunctionScriptingTraits (0ms)
		AnalyzeDomain (612ms)
			TypeCache.Refresh (17ms)
				TypeCache.ScanAssembly (0ms)
			BuildScriptInfoCaches (548ms)
			ResolveRequiredComponents (35ms)
	FinalizeReload (4012ms)
		ReleaseScriptCaches (0ms)
		RebuildScriptCaches (0ms)
		SetupLoadedEditorAssemblies (2908ms)
			LogAssemblyErrors (0ms)
			InitializePlatformSupportModulesInManaged (31ms)
			SetLoadedEditorAssemblies (20ms)
			BeforeProcessingInitializeOnLoad (274ms)
			ProcessInitializeOnLoadAttributes (2277ms)
			ProcessInitializeOnLoadMethodAttributes (293ms)
			AfterProcessingInitializeOnLoad (12ms)
			EditorAssembliesLoaded (1ms)
		ExecutionOrderSort2 (0ms)
		AwakeInstancesAfterBackupRestoration (40ms)
Refreshing native plugins compatible for Editor in 2.04 ms, found 2 plugins.
Preloading 0 native plugins for Editor in 0.00 ms.
Unloading 31 Unused Serialized files (Serialized files now loaded: 0)
Unloading 6068 unused Assets / (6.6 MB). Loaded Objects now: 6924.
Memory consumption went from 165.6 MB to 159.1 MB.
Total: 29.811381 ms (FindLiveObjects: 1.353636 ms CreateObjectMapping: 1.663974 ms MarkObjects: 17.583975 ms  DeleteObjects: 9.206992 ms)

Prepare: number of updated asset objects reloaded= 0
========================================================================
Received Prepare
Begin MonoManager ReloadAssembly
- Loaded All Assemblies, in  4.542 seconds
Refreshing native plugins compatible for Editor in 9.18 ms, found 2 plugins.
Native extension for Android target not found
Native extension for OSXStandalone target not found
Native extension for WebGL target not found
Mono: successfully reloaded assembly
- Finished resetting the current domain, in  5.793 seconds
Domain Reload Profiling: 10348ms
	BeginReloadAssembly (1789ms)
		ExecutionOrderSort (0ms)
		DisableScriptedObjects (112ms)
		BackupInstance (0ms)
		ReleaseScriptingObjects (2ms)
		CreateAndSetChildDomain (786ms)
	RebuildCommonClasses (264ms)
	RebuildNativeTypeToScriptingClass (74ms)
	initialDomainReloadingComplete (137ms)
	LoadAllAssembliesAndSetupDomain (2289ms)
		LoadAssemblies (1888ms)
		RebuildTransferFunctionScriptingTraits (0ms)
		AnalyzeDomain (990ms)
			TypeCache.Refresh (32ms)
				TypeCache.ScanAssembly (0ms)
			BuildScriptInfoCaches (839ms)
			ResolveRequiredComponents (61ms)
	FinalizeReload (5796ms)
		ReleaseScriptCaches (0ms)
		RebuildScriptCaches (0ms)
		SetupLoadedEditorAssemblies (4099ms)
			LogAssemblyErrors (0ms)
			InitializePlatformSupportModulesInManaged (88ms)
			SetLoadedEditorAssemblies (43ms)
			BeforeProcessingInitializeOnLoad (387ms)
			ProcessInitializeOnLoadAttributes (3193ms)
			ProcessInitializeOnLoadMethodAttributes (367ms)
			AfterProcessingInitializeOnLoad (22ms)
			EditorAssembliesLoaded (1ms)
		ExecutionOrderSort2 (0ms)
		AwakeInstancesAfterBackupRestoration (55ms)
Refreshing native plugins compatible for Editor in 2.90 ms, found 2 plugins.
Preloading 0 native plugins for Editor in 0.00 ms.
Unloading 31 Unused Serialized files (Serialized files now loaded: 0)
Unloading 6068 unused Assets / (6.6 MB). Loaded Objects now: 6926.
Memory consumption went from 165.6 MB to 159.0 MB.
Total: 41.577615 ms (FindLiveObjects: 1.720938 ms CreateObjectMapping: 1.508615 ms MarkObjects: 25.713991 ms  DeleteObjects: 12.553272 ms)

Prepare: number of updated asset objects reloaded= 0
========================================================================
Received Prepare
Refreshing native plugins compatible for Editor in 4.80 ms, found 2 plugins.
Preloading 0 native plugins for Editor in 0.00 ms.
Unloading 31 Unused Serialized files (Serialized files now loaded: 0)
Unloading 6061 unused Assets / (5.7 MB). Loaded Objects now: 6926.
Memory consumption went from 157.1 MB to 151.4 MB.
Total: 345.246135 ms (FindLiveObjects: 4.943808 ms CreateObjectMapping: 1.429087 ms MarkObjects: 319.721715 ms  DeleteObjects: 19.147877 ms)

Prepare: number of updated asset objects reloaded= 0
========================================================================
Received Prepare
Refreshing native plugins compatible for Editor in 3.21 ms, found 2 plugins.
Preloading 0 native plugins for Editor in 0.00 ms.
Unloading 31 Unused Serialized files (Serialized files now loaded: 0)
Unloading 6061 unused Assets / (7.1 MB). Loaded Objects now: 6926.
Memory consumption went from 157.1 MB to 150.0 MB.
Total: 34.639547 ms (FindLiveObjects: 1.373060 ms CreateObjectMapping: 2.152221 ms MarkObjects: 19.640618 ms  DeleteObjects: 11.470432 ms)

Prepare: number of updated asset objects reloaded= 0
========================================================================
Received Prepare
Refreshing native plugins compatible for Editor in 6.35 ms, found 2 plugins.
Preloading 0 native plugins for Editor in 0.00 ms.
Unloading 31 Unused Serialized files (Serialized files now loaded: 0)
Unloading 6061 unused Assets / (3.3 MB). Loaded Objects now: 6926.
Memory consumption went from 157.1 MB to 153.8 MB.
Total: 384.626423 ms (FindLiveObjects: 5.662766 ms CreateObjectMapping: 3.142316 ms MarkObjects: 351.875497 ms  DeleteObjects: 23.940622 ms)

Prepare: number of updated asset objects reloaded= 0
========================================================================
Received Prepare
Refreshing native plugins compatible for Editor in 17.66 ms, found 2 plugins.
Preloading 0 native plugins for Editor in 0.00 ms.
Unloading 31 Unused Serialized files (Serialized files now loaded: 0)
Unloading 6061 unused Assets / (3.5 MB). Loaded Objects now: 6926.
Memory consumption went from 157.1 MB to 153.6 MB.
Total: 3124.420397 ms (FindLiveObjects: 945.841110 ms CreateObjectMapping: 129.251072 ms MarkObjects: 1256.680410 ms  DeleteObjects: 792.640351 ms)

Prepare: number of updated asset objects reloaded= 0
========================================================================
Received Prepare
Begin MonoManager ReloadAssembly
- Loaded All Assemblies, in 10.932 seconds
Refreshing native plugins compatible for Editor in 39.01 ms, found 2 plugins.
Native extension for Android target not found
Native extension for OSXStandalone target not found
Native extension for WebGL target not found
Mono: successfully reloaded assembly
- Finished resetting the current domain, in  8.396 seconds
Domain Reload Profiling: 19375ms
	BeginReloadAssembly (4417ms)
		ExecutionOrderSort (6ms)
		DisableScriptedObjects (553ms)
		BackupInstance (0ms)
		ReleaseScriptingObjects (4ms)
		CreateAndSetChildDomain (1340ms)
	RebuildCommonClasses (301ms)
	RebuildNativeTypeToScriptingClass (62ms)
	initialDomainReloadingComplete (145ms)
	LoadAllAssembliesAndSetupDomain (6048ms)
		LoadAssemblies (4598ms)
		RebuildTransferFunctionScriptingTraits (0ms)
		AnalyzeDomain (2843ms)
			TypeCache.Refresh (334ms)
				TypeCache.ScanAssembly (13ms)
			BuildScriptInfoCaches (2365ms)
			ResolveRequiredComponents (92ms)
	FinalizeReload (8402ms)
		ReleaseScriptCaches (0ms)
		RebuildScriptCaches (0ms)
		SetupLoadedEditorAssemblies (5493ms)
			LogAssemblyErrors (0ms)
			InitializePlatformSupportModulesInManaged (109ms)
			SetLoadedEditorAssemblies (124ms)
			BeforeProcessingInitializeOnLoad (804ms)
			ProcessInitializeOnLoadAttributes (4016ms)
			ProcessInitializeOnLoadMethodAttributes (423ms)
			AfterProcessingInitializeOnLoad (15ms)
			EditorAssembliesLoaded (2ms)
		ExecutionOrderSort2 (0ms)
		AwakeInstancesAfterBackupRestoration (59ms)
Refreshing native plugins compatible for Editor in 2.49 ms, found 2 plugins.
Preloading 0 native plugins for Editor in 0.00 ms.
Unloading 31 Unused Serialized files (Serialized files now loaded: 0)
Unloading 6068 unused Assets / (6.6 MB). Loaded Objects now: 6928.
Memory consumption went from 165.5 MB to 158.8 MB.
Total: 224.312146 ms (FindLiveObjects: 36.128090 ms CreateObjectMapping: 6.990681 ms MarkObjects: 144.424058 ms  DeleteObjects: 36.757474 ms)

Prepare: number of updated asset objects reloaded= 0
========================================================================
Received Prepare
Begin MonoManager ReloadAssembly
- Loaded All Assemblies, in  8.292 seconds
Refreshing native plugins compatible for Editor in 15.53 ms, found 2 plugins.
Native extension for Android target not found
Native extension for OSXStandalone target not found
Native extension for WebGL target not found
Mono: successfully reloaded assembly
- Finished resetting the current domain, in  8.282 seconds
Domain Reload Profiling: 16615ms
	BeginReloadAssembly (2847ms)
		ExecutionOrderSort (1ms)
		DisableScriptedObjects (157ms)
		BackupInstance (0ms)
		ReleaseScriptingObjects (25ms)
		CreateAndSetChildDomain (942ms)
	RebuildCommonClasses (273ms)
	RebuildNativeTypeToScriptingClass (70ms)
	initialDomainReloadingComplete (235ms)
	LoadAllAssembliesAndSetupDomain (4900ms)
		LoadAssemblies (3413ms)
		RebuildTransferFunctionScriptingTraits (0ms)
		AnalyzeDomain (2422ms)
			TypeCache.Refresh (170ms)
				TypeCache.ScanAssembly (0ms)
			BuildScriptInfoCaches (2105ms)
			ResolveRequiredComponents (106ms)
	FinalizeReload (8290ms)
		ReleaseScriptCaches (0ms)
		RebuildScriptCaches (0ms)
		SetupLoadedEditorAssemblies (5196ms)
			LogAssemblyErrors (0ms)
			InitializePlatformSupportModulesInManaged (85ms)
			SetLoadedEditorAssemblies (61ms)
			BeforeProcessingInitializeOnLoad (552ms)
			ProcessInitializeOnLoadAttributes (4014ms)
			ProcessInitializeOnLoadMethodAttributes (449ms)
			AfterProcessingInitializeOnLoad (32ms)
			EditorAssembliesLoaded (2ms)
		ExecutionOrderSort2 (0ms)
		AwakeInstancesAfterBackupRestoration (67ms)
Refreshing native plugins compatible for Editor in 4.17 ms, found 2 plugins.
Preloading 0 native plugins for Editor in 0.00 ms.
Unloading 31 Unused Serialized files (Serialized files now loaded: 0)
Unloading 6068 unused Assets / (5.6 MB). Loaded Objects now: 6930.
Memory consumption went from 165.5 MB to 159.8 MB.
Total: 182.037595 ms (FindLiveObjects: 72.747530 ms CreateObjectMapping: 14.209115 ms MarkObjects: 69.098493 ms  DeleteObjects: 25.976727 ms)

Prepare: number of updated asset objects reloaded= 0
========================================================================
Received Prepare
Begin MonoManager ReloadAssembly
- Loaded All Assemblies, in  8.199 seconds
Refreshing native plugins compatible for Editor in 8.23 ms, found 2 plugins.
Native extension for Android target not found
Native extension for OSXStandalone target not found
Native extension for WebGL target not found
Mono: successfully reloaded assembly
- Finished resetting the current domain, in  8.844 seconds
Domain Reload Profiling: 17060ms
	BeginReloadAssembly (2594ms)
		ExecutionOrderSort (1ms)
		DisableScriptedObjects (146ms)
		BackupInstance (0ms)
		ReleaseScriptingObjects (3ms)
		CreateAndSetChildDomain (978ms)
	RebuildCommonClasses (337ms)
	RebuildNativeTypeToScriptingClass (108ms)
	initialDomainReloadingComplete (222ms)
	LoadAllAssembliesAndSetupDomain (4952ms)
		LoadAssemblies (3905ms)
		RebuildTransferFunctionScriptingTraits (0ms)
		AnalyzeDomain (1980ms)
			TypeCache.Refresh (201ms)
				TypeCache.ScanAssembly (2ms)
			BuildScriptInfoCaches (1655ms)
			ResolveRequiredComponents (82ms)
	FinalizeReload (8847ms)
		ReleaseScriptCaches (0ms)
		RebuildScriptCaches (0ms)
		SetupLoadedEditorAssemblies (5938ms)
			LogAssemblyErrors (0ms)
			InitializePlatformSupportModulesInManaged (196ms)
			SetLoadedEditorAssemblies (69ms)
			BeforeProcessingInitializeOnLoad (712ms)
			ProcessInitializeOnLoadAttributes (4398ms)
			ProcessInitializeOnLoadMethodAttributes (531ms)
			AfterProcessingInitializeOnLoad (31ms)
			EditorAssembliesLoaded (2ms)
		ExecutionOrderSort2 (0ms)
		AwakeInstancesAfterBackupRestoration (65ms)
Refreshing native plugins compatible for Editor in 10.13 ms, found 2 plugins.
Preloading 0 native plugins for Editor in 0.00 ms.
Unloading 31 Unused Serialized files (Serialized files now loaded: 0)
Unloading 6068 unused Assets / (6.8 MB). Loaded Objects now: 6932.
Memory consumption went from 165.5 MB to 158.7 MB.
Total: 69.797407 ms (FindLiveObjects: 7.267214 ms CreateObjectMapping: 2.364387 ms MarkObjects: 43.884910 ms  DeleteObjects: 16.274962 ms)

Prepare: number of updated asset objects reloaded= 0
========================================================================
Received Prepare
Begin MonoManager ReloadAssembly
- Loaded All Assemblies, in  6.547 seconds
Refreshing native plugins compatible for Editor in 1.84 ms, found 2 plugins.
Native extension for Android target not found
Native extension for OSXStandalone target not found
Native extension for WebGL target not found
Mono: successfully reloaded assembly
- Finished resetting the current domain, in  7.286 seconds
Domain Reload Profiling: 13848ms
	BeginReloadAssembly (2296ms)
		ExecutionOrderSort (2ms)
		DisableScriptedObjects (118ms)
		BackupInstance (0ms)
		ReleaseScriptingObjects (7ms)
		CreateAndSetChildDomain (976ms)
	RebuildCommonClasses (272ms)
	RebuildNativeTypeToScriptingClass (71ms)
	initialDomainReloadingComplete (163ms)
	LoadAllAssembliesAndSetupDomain (3756ms)
		LoadAssemblies (2737ms)
		RebuildTransferFunctionScriptingTraits (0ms)
		AnalyzeDomain (1707ms)
			TypeCache.Refresh (65ms)
				TypeCache.ScanAssembly (0ms)
			BuildScriptInfoCaches (1495ms)
			ResolveRequiredComponents (99ms)
	FinalizeReload (7290ms)
		ReleaseScriptCaches (0ms)
		RebuildScriptCaches (0ms)
		SetupLoadedEditorAssemblies (4880ms)
			LogAssemblyErrors (0ms)
			InitializePlatformSupportModulesInManaged (90ms)
			SetLoadedEditorAssemblies (73ms)
			BeforeProcessingInitializeOnLoad (666ms)
			ProcessInitializeOnLoadAttributes (3515ms)
			ProcessInitializeOnLoadMethodAttributes (514ms)
			AfterProcessingInitializeOnLoad (20ms)
			EditorAssembliesLoaded (1ms)
		ExecutionOrderSort2 (0ms)
		AwakeInstancesAfterBackupRestoration (57ms)
Refreshing native plugins compatible for Editor in 5.04 ms, found 2 plugins.
Preloading 0 native plugins for Editor in 0.00 ms.
Unloading 31 Unused Serialized files (Serialized files now loaded: 0)
Unloading 6068 unused Assets / (5.9 MB). Loaded Objects now: 6934.
Memory consumption went from 165.5 MB to 159.6 MB.
Total: 49.893645 ms (FindLiveObjects: 3.318423 ms CreateObjectMapping: 2.881315 ms MarkObjects: 26.790386 ms  DeleteObjects: 16.898453 ms)

Prepare: number of updated asset objects reloaded= 0
========================================================================
Received Prepare
Refreshing native plugins compatible for Editor in 7.19 ms, found 2 plugins.
Preloading 0 native plugins for Editor in 0.00 ms.
Unloading 31 Unused Serialized files (Serialized files now loaded: 0)
Unloading 6061 unused Assets / (7.5 MB). Loaded Objects now: 6934.
Memory consumption went from 157.1 MB to 149.7 MB.
Total: 970.481961 ms (FindLiveObjects: 29.542143 ms CreateObjectMapping: 2.878423 ms MarkObjects: 855.089829 ms  DeleteObjects: 82.890640 ms)

Prepare: number of updated asset objects reloaded= 0
========================================================================
Received Prepare
Begin MonoManager ReloadAssembly
- Loaded All Assemblies, in 10.518 seconds
Refreshing native plugins compatible for Editor in 3.46 ms, found 2 plugins.
Native extension for Android target not found
Native extension for OSXStandalone target not found
Native extension for WebGL target not found
Mono: successfully reloaded assembly
- Finished resetting the current domain, in  6.604 seconds
Domain Reload Profiling: 17186ms
	BeginReloadAssembly (3683ms)
		ExecutionOrderSort (0ms)
		DisableScriptedObjects (215ms)
		BackupInstance (0ms)
		ReleaseScriptingObjects (4ms)
		CreateAndSetChildDomain (1710ms)
	RebuildCommonClasses (320ms)
	RebuildNativeTypeToScriptingClass (87ms)
	initialDomainReloadingComplete (224ms)
	LoadAllAssembliesAndSetupDomain (6264ms)
		LoadAssemblies (4445ms)
		RebuildTransferFunctionScriptingTraits (0ms)
		AnalyzeDomain (2883ms)
			TypeCache.Refresh (370ms)
				TypeCache.ScanAssembly (4ms)
			BuildScriptInfoCaches (2322ms)
			ResolveRequiredComponents (107ms)
	FinalizeReload (6608ms)
		ReleaseScriptCaches (0ms)
		RebuildScriptCaches (0ms)
		SetupLoadedEditorAssemblies (4517ms)
			LogAssemblyErrors (0ms)
			InitializePlatformSupportModulesInManaged (110ms)
			SetLoadedEditorAssemblies (32ms)
			BeforeProcessingInitializeOnLoad (485ms)
			ProcessInitializeOnLoadAttributes (3493ms)
			ProcessInitializeOnLoadMethodAttributes (380ms)
			AfterProcessingInitializeOnLoad (15ms)
			EditorAssembliesLoaded (3ms)
		ExecutionOrderSort2 (0ms)
		AwakeInstancesAfterBackupRestoration (45ms)
Refreshing native plugins compatible for Editor in 3.89 ms, found 2 plugins.
Preloading 0 native plugins for Editor in 0.00 ms.
Unloading 31 Unused Serialized files (Serialized files now loaded: 0)
Unloading 6068 unused Assets / (7.1 MB). Loaded Objects now: 6936.
Memory consumption went from 165.5 MB to 158.5 MB.
Total: 66.196018 ms (FindLiveObjects: 3.957533 ms CreateObjectMapping: 2.087467 ms MarkObjects: 39.700094 ms  DeleteObjects: 20.296073 ms)

Prepare: number of updated asset objects reloaded= 0
========================================================================
Received Prepare
Begin MonoManager ReloadAssembly
- Loaded All Assemblies, in  3.642 seconds
Refreshing native plugins compatible for Editor in 1.95 ms, found 2 plugins.
Native extension for Android target not found
Native extension for OSXStandalone target not found
Native extension for WebGL target not found
Mono: successfully reloaded assembly
- Finished resetting the current domain, in  6.416 seconds
Domain Reload Profiling: 10068ms
	BeginReloadAssembly (1103ms)
		ExecutionOrderSort (0ms)
		DisableScriptedObjects (57ms)
		BackupInstance (0ms)
		ReleaseScriptingObjects (2ms)
		CreateAndSetChildDomain (454ms)
	RebuildCommonClasses (191ms)
	RebuildNativeTypeToScriptingClass (58ms)
	initialDomainReloadingComplete (107ms)
	LoadAllAssembliesAndSetupDomain (2188ms)
		LoadAssemblies (1491ms)
		RebuildTransferFunctionScriptingTraits (0ms)
		AnalyzeDomain (1053ms)
			TypeCache.Refresh (40ms)
				TypeCache.ScanAssembly (0ms)
			BuildScriptInfoCaches (944ms)
			ResolveRequiredComponents (52ms)
	FinalizeReload (6420ms)
		ReleaseScriptCaches (0ms)
		RebuildScriptCaches (0ms)
		SetupLoadedEditorAssemblies (4452ms)
			LogAssemblyErrors (0ms)
			InitializePlatformSupportModulesInManaged (51ms)
			SetLoadedEditorAssemblies (34ms)
			BeforeProcessingInitializeOnLoad (425ms)
			ProcessInitializeOnLoadAttributes (3402ms)
			ProcessInitializeOnLoadMethodAttributes (516ms)
			AfterProcessingInitializeOnLoad (22ms)
			EditorAssembliesLoaded (2ms)
		ExecutionOrderSort2 (1ms)
		AwakeInstancesAfterBackupRestoration (77ms)
Refreshing native plugins compatible for Editor in 1.71 ms, found 2 plugins.
Preloading 0 native plugins for Editor in 0.00 ms.
Unloading 31 Unused Serialized files (Serialized files now loaded: 0)
Unloading 6068 unused Assets / (6.3 MB). Loaded Objects now: 6938.
Memory consumption went from 165.5 MB to 159.2 MB.
Total: 29.587882 ms (FindLiveObjects: 1.525078 ms CreateObjectMapping: 2.243062 ms MarkObjects: 17.131815 ms  DeleteObjects: 8.685302 ms)

Prepare: number of updated asset objects reloaded= 0
========================================================================
Received Prepare
Refreshing native plugins compatible for Editor in 8.14 ms, found 2 plugins.
Preloading 0 native plugins for Editor in 0.00 ms.
Unloading 31 Unused Serialized files (Serialized files now loaded: 0)
Unloading 6061 unused Assets / (7.7 MB). Loaded Objects now: 6938.
Memory consumption went from 157.1 MB to 149.4 MB.
Total: 808.756157 ms (FindLiveObjects: 90.582784 ms CreateObjectMapping: 4.480050 ms MarkObjects: 691.375865 ms  DeleteObjects: 22.307231 ms)

Prepare: number of updated asset objects reloaded= 0
========================================================================
Received Prepare
Begin MonoManager ReloadAssembly
- Loaded All Assemblies, in  5.609 seconds
Refreshing native plugins compatible for Editor in 2.47 ms, found 2 plugins.
Native extension for Android target not found
Native extension for OSXStandalone target not found
Native extension for WebGL target not found
Mono: successfully reloaded assembly
- Finished resetting the current domain, in  5.249 seconds
Domain Reload Profiling: 10861ms
	BeginReloadAssembly (2128ms)
		ExecutionOrderSort (0ms)
		DisableScriptedObjects (103ms)
		BackupInstance (0ms)
		ReleaseScriptingObjects (5ms)
		CreateAndSetChildDomain (970ms)
	RebuildCommonClasses (397ms)
	RebuildNativeTypeToScriptingClass (99ms)
	initialDomainReloadingComplete (234ms)
	LoadAllAssembliesAndSetupDomain (2752ms)
		LoadAssemblies (2136ms)
		RebuildTransferFunctionScriptingTraits (0ms)
		AnalyzeDomain (1271ms)
			TypeCache.Refresh (71ms)
				TypeCache.ScanAssembly (0ms)
			BuildScriptInfoCaches (1112ms)
			ResolveRequiredComponents (58ms)
	FinalizeReload (5251ms)
		ReleaseScriptCaches (0ms)
		RebuildScriptCaches (0ms)
		SetupLoadedEditorAssemblies (3844ms)
			LogAssemblyErrors (0ms)
			InitializePlatformSupportModulesInManaged (75ms)
			SetLoadedEditorAssemblies (55ms)
			BeforeProcessingInitializeOnLoad (645ms)
			ProcessInitializeOnLoadAttributes (2770ms)
			ProcessInitializeOnLoadMethodAttributes (284ms)
			AfterProcessingInitializeOnLoad (14ms)
			EditorAssembliesLoaded (1ms)
		ExecutionOrderSort2 (0ms)
		AwakeInstancesAfterBackupRestoration (30ms)
Refreshing native plugins compatible for Editor in 1.34 ms, found 2 plugins.
Preloading 0 native plugins for Editor in 0.00 ms.
Unloading 31 Unused Serialized files (Serialized files now loaded: 0)
Unloading 6068 unused Assets / (6.2 MB). Loaded Objects now: 6940.
Memory consumption went from 165.5 MB to 159.2 MB.
Total: 22.715672 ms (FindLiveObjects: 1.030158 ms CreateObjectMapping: 1.098069 ms MarkObjects: 13.487562 ms  DeleteObjects: 7.097221 ms)

Prepare: number of updated asset objects reloaded= 0
========================================================================
Received Prepare
Begin MonoManager ReloadAssembly
- Loaded All Assemblies, in  4.806 seconds
Refreshing native plugins compatible for Editor in 1.52 ms, found 2 plugins.
Native extension for Android target not found
Native extension for OSXStandalone target not found
Native extension for WebGL target not found
Mono: successfully reloaded assembly
- Finished resetting the current domain, in  4.617 seconds
Domain Reload Profiling: 9433ms
	BeginReloadAssembly (1874ms)
		ExecutionOrderSort (0ms)
		DisableScriptedObjects (121ms)
		BackupInstance (0ms)
		ReleaseScriptingObjects (3ms)
		CreateAndSetChildDomain (784ms)
	RebuildCommonClasses (236ms)
	RebuildNativeTypeToScriptingClass (52ms)
	initialDomainReloadingComplete (120ms)
	LoadAllAssembliesAndSetupDomain (2532ms)
		LoadAssemblies (2029ms)
		RebuildTransferFunctionScriptingTraits (0ms)
		AnalyzeDomain (1087ms)
			TypeCache.Refresh (95ms)
				TypeCache.ScanAssembly (1ms)
			BuildScriptInfoCaches (927ms)
			ResolveRequiredComponents (44ms)
	FinalizeReload (4619ms)
		ReleaseScriptCaches (0ms)
		RebuildScriptCaches (0ms)
		SetupLoadedEditorAssemblies (3076ms)
			LogAssemblyErrors (0ms)
			InitializePlatformSupportModulesInManaged (57ms)
			SetLoadedEditorAssemblies (40ms)
			BeforeProcessingInitializeOnLoad (386ms)
			ProcessInitializeOnLoadAttributes (2298ms)
			ProcessInitializeOnLoadMethodAttributes (282ms)
			AfterProcessingInitializeOnLoad (13ms)
			EditorAssembliesLoaded (1ms)
		ExecutionOrderSort2 (0ms)
		AwakeInstancesAfterBackupRestoration (39ms)
Refreshing native plugins compatible for Editor in 2.54 ms, found 2 plugins.
Preloading 0 native plugins for Editor in 0.00 ms.
Unloading 31 Unused Serialized files (Serialized files now loaded: 0)
Unloading 6068 unused Assets / (6.5 MB). Loaded Objects now: 6942.
Memory consumption went from 165.5 MB to 159.0 MB.
Total: 25.782851 ms (FindLiveObjects: 1.216235 ms CreateObjectMapping: 1.118478 ms MarkObjects: 16.567796 ms  DeleteObjects: 6.866412 ms)

Prepare: number of updated asset objects reloaded= 0
========================================================================
Received Prepare
Begin MonoManager ReloadAssembly
- Loaded All Assemblies, in  3.422 seconds
Refreshing native plugins compatible for Editor in 1.73 ms, found 2 plugins.
Native extension for Android target not found
Native extension for OSXStandalone target not found
Native extension for WebGL target not found
Mono: successfully reloaded assembly
- Finished resetting the current domain, in  4.840 seconds
Domain Reload Profiling: 8265ms
	BeginReloadAssembly (776ms)
		ExecutionOrderSort (0ms)
		DisableScriptedObjects (21ms)
		BackupInstance (0ms)
		ReleaseScriptingObjects (0ms)
		CreateAndSetChildDomain (256ms)
	RebuildCommonClasses (283ms)
	RebuildNativeTypeToScriptingClass (79ms)
	initialDomainReloadingComplete (111ms)
	LoadAllAssembliesAndSetupDomain (2175ms)
		LoadAssemblies (1726ms)
		RebuildTransferFunctionScriptingTraits (0ms)
		AnalyzeDomain (823ms)
			TypeCache.Refresh (24ms)
				TypeCache.ScanAssembly (0ms)
			BuildScriptInfoCaches (741ms)
			ResolveRequiredComponents (45ms)
	FinalizeReload (4842ms)
		ReleaseScriptCaches (0ms)
		RebuildScriptCaches (0ms)
		SetupLoadedEditorAssemblies (3593ms)
			LogAssemblyErrors (0ms)
			InitializePlatformSupportModulesInManaged (38ms)
			SetLoadedEditorAssemblies (29ms)
			BeforeProcessingInitializeOnLoad (349ms)
			ProcessInitializeOnLoadAttributes (2819ms)
			ProcessInitializeOnLoadMethodAttributes (342ms)
			AfterProcessingInitializeOnLoad (14ms)
			EditorAssembliesLoaded (1ms)
		ExecutionOrderSort2 (0ms)
		AwakeInstancesAfterBackupRestoration (32ms)
Refreshing native plugins compatible for Editor in 1.87 ms, found 2 plugins.
Preloading 0 native plugins for Editor in 0.00 ms.
Unloading 31 Unused Serialized files (Serialized files now loaded: 0)
Unloading 6068 unused Assets / (6.3 MB). Loaded Objects now: 6944.
Memory consumption went from 165.5 MB to 159.2 MB.
Total: 37.968185 ms (FindLiveObjects: 2.427531 ms CreateObjectMapping: 1.473759 ms MarkObjects: 23.246658 ms  DeleteObjects: 10.816774 ms)

Prepare: number of updated asset objects reloaded= 0
========================================================================
Received Prepare
Begin MonoManager ReloadAssembly
- Loaded All Assemblies, in  2.540 seconds
Refreshing native plugins compatible for Editor in 3.49 ms, found 2 plugins.
Native extension for Android target not found
Native extension for OSXStandalone target not found
Native extension for WebGL target not found
Mono: successfully reloaded assembly
- Finished resetting the current domain, in  4.805 seconds
Domain Reload Profiling: 7348ms
	BeginReloadAssembly (577ms)
		ExecutionOrderSort (0ms)
		DisableScriptedObjects (21ms)
		BackupInstance (0ms)
		ReleaseScriptingObjects (0ms)
		CreateAndSetChildDomain (258ms)
	RebuildCommonClasses (155ms)
	RebuildNativeTypeToScriptingClass (50ms)
	initialDomainReloadingComplete (104ms)
	LoadAllAssembliesAndSetupDomain (1655ms)
		LoadAssemblies (1087ms)
		RebuildTransferFunctionScriptingTraits (0ms)
		AnalyzeDomain (767ms)
			TypeCache.Refresh (22ms)
				TypeCache.ScanAssembly (0ms)
			BuildScriptInfoCaches (695ms)
			ResolveRequiredComponents (38ms)
	FinalizeReload (4806ms)
		ReleaseScriptCaches (0ms)
		RebuildScriptCaches (0ms)
		SetupLoadedEditorAssemblies (3429ms)
			LogAssemblyErrors (0ms)
			InitializePlatformSupportModulesInManaged (40ms)
			SetLoadedEditorAssemblies (30ms)
			BeforeProcessingInitializeOnLoad (324ms)
			ProcessInitializeOnLoadAttributes (2624ms)
			ProcessInitializeOnLoadMethodAttributes (392ms)
			AfterProcessingInitializeOnLoad (18ms)
			EditorAssembliesLoaded (2ms)
		ExecutionOrderSort2 (0ms)
		AwakeInstancesAfterBackupRestoration (51ms)
Refreshing native plugins compatible for Editor in 2.20 ms, found 2 plugins.
Preloading 0 native plugins for Editor in 0.00 ms.
Unloading 31 Unused Serialized files (Serialized files now loaded: 0)
Unloading 6068 unused Assets / (6.5 MB). Loaded Objects now: 6946.
Memory consumption went from 165.5 MB to 159.0 MB.
Total: 47.017240 ms (FindLiveObjects: 1.831947 ms CreateObjectMapping: 2.503824 ms MarkObjects: 30.100631 ms  DeleteObjects: 12.576871 ms)

Prepare: number of updated asset objects reloaded= 0
========================================================================
Received Prepare
Begin MonoManager ReloadAssembly
- Loaded All Assemblies, in  2.384 seconds
Refreshing native plugins compatible for Editor in 1.30 ms, found 2 plugins.
Native extension for Android target not found
Native extension for OSXStandalone target not found
Native extension for WebGL target not found
Mono: successfully reloaded assembly
- Finished resetting the current domain, in  4.742 seconds
Domain Reload Profiling: 7131ms
	BeginReloadAssembly (522ms)
		ExecutionOrderSort (0ms)
		DisableScriptedObjects (21ms)
		BackupInstance (0ms)
		ReleaseScriptingObjects (0ms)
		CreateAndSetChildDomain (221ms)
	RebuildCommonClasses (146ms)
	RebuildNativeTypeToScriptingClass (43ms)
	initialDomainReloadingComplete (79ms)
	LoadAllAssembliesAndSetupDomain (1597ms)
		LoadAssemblies (1030ms)
		RebuildTransferFunctionScriptingTraits (0ms)
		AnalyzeDomain (747ms)
			TypeCache.Refresh (37ms)
				TypeCache.ScanAssembly (0ms)
			BuildScriptInfoCaches (658ms)
			ResolveRequiredComponents (39ms)
	FinalizeReload (4744ms)
		ReleaseScriptCaches (0ms)
		RebuildScriptCaches (0ms)
		SetupLoadedEditorAssemblies (3296ms)
			LogAssemblyErrors (0ms)
			InitializePlatformSupportModulesInManaged (35ms)
			SetLoadedEditorAssemblies (27ms)
			BeforeProcessingInitializeOnLoad (326ms)
			ProcessInitializeOnLoadAttributes (2525ms)
			ProcessInitializeOnLoadMethodAttributes (362ms)
			AfterProcessingInitializeOnLoad (20ms)
			EditorAssembliesLoaded (1ms)
		ExecutionOrderSort2 (0ms)
		AwakeInstancesAfterBackupRestoration (68ms)
Refreshing native plugins compatible for Editor in 2.84 ms, found 2 plugins.
Preloading 0 native plugins for Editor in 0.00 ms.
Unloading 31 Unused Serialized files (Serialized files now loaded: 0)
Unloading 6068 unused Assets / (7.6 MB). Loaded Objects now: 6948.
Memory consumption went from 165.5 MB to 157.9 MB.
Total: 52.120249 ms (FindLiveObjects: 2.419089 ms CreateObjectMapping: 2.513651 ms MarkObjects: 29.548201 ms  DeleteObjects: 17.634693 ms)

Prepare: number of updated asset objects reloaded= 0
========================================================================
Received Prepare
Begin MonoManager ReloadAssembly
- Loaded All Assemblies, in  5.392 seconds
Refreshing native plugins compatible for Editor in 1.46 ms, found 2 plugins.
Native extension for Android target not found
Native extension for OSXStandalone target not found
Native extension for WebGL target not found
Mono: successfully reloaded assembly
- Finished resetting the current domain, in  4.697 seconds
Domain Reload Profiling: 10101ms
	BeginReloadAssembly (1864ms)
		ExecutionOrderSort (0ms)
		DisableScriptedObjects (127ms)
		BackupInstance (0ms)
		ReleaseScriptingObjects (7ms)
		CreateAndSetChildDomain (716ms)
	RebuildCommonClasses (260ms)
	RebuildNativeTypeToScriptingClass (81ms)
	initialDomainReloadingComplete (178ms)
	LoadAllAssembliesAndSetupDomain (3020ms)
		LoadAssemblies (2216ms)
		RebuildTransferFunctionScriptingTraits (0ms)
		AnalyzeDomain (1431ms)
			TypeCache.Refresh (43ms)
				TypeCache.ScanAssembly (0ms)
			BuildScriptInfoCaches (1306ms)
			ResolveRequiredComponents (54ms)
	FinalizeReload (4698ms)
		ReleaseScriptCaches (0ms)
		RebuildScriptCaches (0ms)
		SetupLoadedEditorAssemblies (3380ms)
			LogAssemblyErrors (0ms)
			InitializePlatformSupportModulesInManaged (69ms)
			SetLoadedEditorAssemblies (51ms)
			BeforeProcessingInitializeOnLoad (436ms)
			ProcessInitializeOnLoadAttributes (2505ms)
			ProcessInitializeOnLoadMethodAttributes (308ms)
			AfterProcessingInitializeOnLoad (11ms)
			EditorAssembliesLoaded (1ms)
		ExecutionOrderSort2 (0ms)
		AwakeInstancesAfterBackupRestoration (28ms)
Refreshing native plugins compatible for Editor in 2.92 ms, found 2 plugins.
Preloading 0 native plugins for Editor in 0.00 ms.
Unloading 31 Unused Serialized files (Serialized files now loaded: 0)
Unloading 6068 unused Assets / (7.5 MB). Loaded Objects now: 6950.
Memory consumption went from 165.5 MB to 158.1 MB.
Total: 52.607982 ms (FindLiveObjects: 1.312552 ms CreateObjectMapping: 1.801927 ms MarkObjects: 26.758389 ms  DeleteObjects: 22.715557 ms)

Prepare: number of updated asset objects reloaded= 0
